<?xml version="1.0" encoding="UTF-8"?>
<!-- Generated by org.testng.reporters.JUnitXMLReporter -->
<testsuite hostname="DESKTOP-6DIBS4R" ignored="0" name="MercuryApp" tests="18" failures="11" timestamp="12 Apr 2019 05:12:33 GMT" time="637.733" errors="0">
  <testcase name="book_Flight_Test" time="12.315" classname="com.mercury.testApp.BookFlightTest"/>
  <testcase name="FlightConfirmTest" time="12.714" classname="com.mercury.testApp.FlightConfirmationtest"/>
  <testcase name="loginTest" time="10.63" classname="com.mercury.testApp.LoginTest"/>
  <testcase name="findFlightsTest" time="7.169" classname="com.mercury.testApp.flightFinderTest"/>
  <testcase name="findFlightsTest" time="35.571" classname="com.mercury.testApp.flightFinderTest">
    <failure type="org.openqa.selenium.NoSuchElementException" message="Cannot locate element with text: NewYork
For documentation on this error, please visit: http://seleniumhq.org/exceptions/no_such_element.html
Build info: version: &amp;apos;3.14.0&amp;apos;, revision: &amp;apos;aacccce0&amp;apos;, time: &amp;apos;2018-08-02T20:19:58.91Z&amp;apos;
System info: host: &amp;apos;DESKTOP-6DIBS4R&amp;apos;, ip: &amp;apos;192.168.0.16&amp;apos;, os.name: &amp;apos;Windows 10&amp;apos;, os.arch: &amp;apos;amd64&amp;apos;, os.version: &amp;apos;10.0&amp;apos;, java.version: &amp;apos;1.8.0_71&amp;apos;
Driver info: driver.version: unknown">
      <![CDATA[org.openqa.selenium.NoSuchElementException: Cannot locate element with text: NewYork
For documentation on this error, please visit: http://seleniumhq.org/exceptions/no_such_element.html
Build info: version: '3.14.0', revision: 'aacccce0', time: '2018-08-02T20:19:58.91Z'
System info: host: 'DESKTOP-6DIBS4R', ip: '192.168.0.16', os.name: 'Windows 10', os.arch: 'amd64', os.version: '10.0', java.version: '1.8.0_71'
Driver info: driver.version: unknown
	at org.openqa.selenium.support.ui.Select.selectByVisibleText(Select.java:151)
	at com.mercury.uipackage.FlightFinder.findFlights(FlightFinder.java:85)
	at com.mercury.testApp.flightFinderTest.findFlightsTest(flightFinderTest.java:46)
... Removed 25 stack frames]]>
    </failure>
  </testcase> <!-- findFlightsTest -->
  <testcase name="findFlightsTest" time="7.11" classname="com.mercury.testApp.flightFinderTest"/>
  <testcase name="findFlightsTest" time="6.984" classname="com.mercury.testApp.flightFinderTest"/>
  <testcase name="findFlightsTest" time="35.306" classname="com.mercury.testApp.flightFinderTest">
    <failure type="org.openqa.selenium.NoSuchElementException" message="Cannot locate element with text: 
For documentation on this error, please visit: http://seleniumhq.org/exceptions/no_such_element.html
Build info: version: &amp;apos;3.14.0&amp;apos;, revision: &amp;apos;aacccce0&amp;apos;, time: &amp;apos;2018-08-02T20:19:58.91Z&amp;apos;
System info: host: &amp;apos;DESKTOP-6DIBS4R&amp;apos;, ip: &amp;apos;192.168.0.16&amp;apos;, os.name: &amp;apos;Windows 10&amp;apos;, os.arch: &amp;apos;amd64&amp;apos;, os.version: &amp;apos;10.0&amp;apos;, java.version: &amp;apos;1.8.0_71&amp;apos;
Driver info: driver.version: unknown">
      <![CDATA[org.openqa.selenium.NoSuchElementException: Cannot locate element with text: 
For documentation on this error, please visit: http://seleniumhq.org/exceptions/no_such_element.html
Build info: version: '3.14.0', revision: 'aacccce0', time: '2018-08-02T20:19:58.91Z'
System info: host: 'DESKTOP-6DIBS4R', ip: '192.168.0.16', os.name: 'Windows 10', os.arch: 'amd64', os.version: '10.0', java.version: '1.8.0_71'
Driver info: driver.version: unknown
	at org.openqa.selenium.support.ui.Select.selectByVisibleText(Select.java:151)
	at com.mercury.uipackage.FlightFinder.findFlights(FlightFinder.java:81)
	at com.mercury.testApp.flightFinderTest.findFlightsTest(flightFinderTest.java:46)
... Removed 25 stack frames]]>
    </failure>
  </testcase> <!-- findFlightsTest -->
  <testcase name="findFlightsTest" time="35.264" classname="com.mercury.testApp.flightFinderTest">
    <failure type="org.openqa.selenium.NoSuchElementException" message="Cannot locate element with text: 
For documentation on this error, please visit: http://seleniumhq.org/exceptions/no_such_element.html
Build info: version: &amp;apos;3.14.0&amp;apos;, revision: &amp;apos;aacccce0&amp;apos;, time: &amp;apos;2018-08-02T20:19:58.91Z&amp;apos;
System info: host: &amp;apos;DESKTOP-6DIBS4R&amp;apos;, ip: &amp;apos;192.168.0.16&amp;apos;, os.name: &amp;apos;Windows 10&amp;apos;, os.arch: &amp;apos;amd64&amp;apos;, os.version: &amp;apos;10.0&amp;apos;, java.version: &amp;apos;1.8.0_71&amp;apos;
Driver info: driver.version: unknown">
      <![CDATA[org.openqa.selenium.NoSuchElementException: Cannot locate element with text: 
For documentation on this error, please visit: http://seleniumhq.org/exceptions/no_such_element.html
Build info: version: '3.14.0', revision: 'aacccce0', time: '2018-08-02T20:19:58.91Z'
System info: host: 'DESKTOP-6DIBS4R', ip: '192.168.0.16', os.name: 'Windows 10', os.arch: 'amd64', os.version: '10.0', java.version: '1.8.0_71'
Driver info: driver.version: unknown
	at org.openqa.selenium.support.ui.Select.selectByVisibleText(Select.java:151)
	at com.mercury.uipackage.FlightFinder.findFlights(FlightFinder.java:81)
	at com.mercury.testApp.flightFinderTest.findFlightsTest(flightFinderTest.java:46)
... Removed 25 stack frames]]>
    </failure>
  </testcase> <!-- findFlightsTest -->
  <testcase name="findFlightsTest" time="35.218" classname="com.mercury.testApp.flightFinderTest">
    <failure type="org.openqa.selenium.NoSuchElementException" message="Cannot locate element with text: 
For documentation on this error, please visit: http://seleniumhq.org/exceptions/no_such_element.html
Build info: version: &amp;apos;3.14.0&amp;apos;, revision: &amp;apos;aacccce0&amp;apos;, time: &amp;apos;2018-08-02T20:19:58.91Z&amp;apos;
System info: host: &amp;apos;DESKTOP-6DIBS4R&amp;apos;, ip: &amp;apos;192.168.0.16&amp;apos;, os.name: &amp;apos;Windows 10&amp;apos;, os.arch: &amp;apos;amd64&amp;apos;, os.version: &amp;apos;10.0&amp;apos;, java.version: &amp;apos;1.8.0_71&amp;apos;
Driver info: driver.version: unknown">
      <![CDATA[org.openqa.selenium.NoSuchElementException: Cannot locate element with text: 
For documentation on this error, please visit: http://seleniumhq.org/exceptions/no_such_element.html
Build info: version: '3.14.0', revision: 'aacccce0', time: '2018-08-02T20:19:58.91Z'
System info: host: 'DESKTOP-6DIBS4R', ip: '192.168.0.16', os.name: 'Windows 10', os.arch: 'amd64', os.version: '10.0', java.version: '1.8.0_71'
Driver info: driver.version: unknown
	at org.openqa.selenium.support.ui.Select.selectByVisibleText(Select.java:151)
	at com.mercury.uipackage.FlightFinder.findFlights(FlightFinder.java:81)
	at com.mercury.testApp.flightFinderTest.findFlightsTest(flightFinderTest.java:46)
... Removed 25 stack frames]]>
    </failure>
  </testcase> <!-- findFlightsTest -->
  <testcase name="findFlightsTest" time="35.231" classname="com.mercury.testApp.flightFinderTest">
    <failure type="org.openqa.selenium.NoSuchElementException" message="Cannot locate element with text: 
For documentation on this error, please visit: http://seleniumhq.org/exceptions/no_such_element.html
Build info: version: &amp;apos;3.14.0&amp;apos;, revision: &amp;apos;aacccce0&amp;apos;, time: &amp;apos;2018-08-02T20:19:58.91Z&amp;apos;
System info: host: &amp;apos;DESKTOP-6DIBS4R&amp;apos;, ip: &amp;apos;192.168.0.16&amp;apos;, os.name: &amp;apos;Windows 10&amp;apos;, os.arch: &amp;apos;amd64&amp;apos;, os.version: &amp;apos;10.0&amp;apos;, java.version: &amp;apos;1.8.0_71&amp;apos;
Driver info: driver.version: unknown">
      <![CDATA[org.openqa.selenium.NoSuchElementException: Cannot locate element with text: 
For documentation on this error, please visit: http://seleniumhq.org/exceptions/no_such_element.html
Build info: version: '3.14.0', revision: 'aacccce0', time: '2018-08-02T20:19:58.91Z'
System info: host: 'DESKTOP-6DIBS4R', ip: '192.168.0.16', os.name: 'Windows 10', os.arch: 'amd64', os.version: '10.0', java.version: '1.8.0_71'
Driver info: driver.version: unknown
	at org.openqa.selenium.support.ui.Select.selectByVisibleText(Select.java:151)
	at com.mercury.uipackage.FlightFinder.findFlights(FlightFinder.java:81)
	at com.mercury.testApp.flightFinderTest.findFlightsTest(flightFinderTest.java:46)
... Removed 25 stack frames]]>
    </failure>
  </testcase> <!-- findFlightsTest -->
  <testcase name="findFlightsTest" time="35.281" classname="com.mercury.testApp.flightFinderTest">
    <failure type="org.openqa.selenium.NoSuchElementException" message="Cannot locate element with text: 
For documentation on this error, please visit: http://seleniumhq.org/exceptions/no_such_element.html
Build info: version: &amp;apos;3.14.0&amp;apos;, revision: &amp;apos;aacccce0&amp;apos;, time: &amp;apos;2018-08-02T20:19:58.91Z&amp;apos;
System info: host: &amp;apos;DESKTOP-6DIBS4R&amp;apos;, ip: &amp;apos;192.168.0.16&amp;apos;, os.name: &amp;apos;Windows 10&amp;apos;, os.arch: &amp;apos;amd64&amp;apos;, os.version: &amp;apos;10.0&amp;apos;, java.version: &amp;apos;1.8.0_71&amp;apos;
Driver info: driver.version: unknown">
      <![CDATA[org.openqa.selenium.NoSuchElementException: Cannot locate element with text: 
For documentation on this error, please visit: http://seleniumhq.org/exceptions/no_such_element.html
Build info: version: '3.14.0', revision: 'aacccce0', time: '2018-08-02T20:19:58.91Z'
System info: host: 'DESKTOP-6DIBS4R', ip: '192.168.0.16', os.name: 'Windows 10', os.arch: 'amd64', os.version: '10.0', java.version: '1.8.0_71'
Driver info: driver.version: unknown
	at org.openqa.selenium.support.ui.Select.selectByVisibleText(Select.java:151)
	at com.mercury.uipackage.FlightFinder.findFlights(FlightFinder.java:81)
	at com.mercury.testApp.flightFinderTest.findFlightsTest(flightFinderTest.java:46)
... Removed 25 stack frames]]>
    </failure>
  </testcase> <!-- findFlightsTest -->
  <testcase name="findFlightsTest" time="35.279" classname="com.mercury.testApp.flightFinderTest">
    <failure type="org.openqa.selenium.NoSuchElementException" message="Cannot locate element with text: 
For documentation on this error, please visit: http://seleniumhq.org/exceptions/no_such_element.html
Build info: version: &amp;apos;3.14.0&amp;apos;, revision: &amp;apos;aacccce0&amp;apos;, time: &amp;apos;2018-08-02T20:19:58.91Z&amp;apos;
System info: host: &amp;apos;DESKTOP-6DIBS4R&amp;apos;, ip: &amp;apos;192.168.0.16&amp;apos;, os.name: &amp;apos;Windows 10&amp;apos;, os.arch: &amp;apos;amd64&amp;apos;, os.version: &amp;apos;10.0&amp;apos;, java.version: &amp;apos;1.8.0_71&amp;apos;
Driver info: driver.version: unknown">
      <![CDATA[org.openqa.selenium.NoSuchElementException: Cannot locate element with text: 
For documentation on this error, please visit: http://seleniumhq.org/exceptions/no_such_element.html
Build info: version: '3.14.0', revision: 'aacccce0', time: '2018-08-02T20:19:58.91Z'
System info: host: 'DESKTOP-6DIBS4R', ip: '192.168.0.16', os.name: 'Windows 10', os.arch: 'amd64', os.version: '10.0', java.version: '1.8.0_71'
Driver info: driver.version: unknown
	at org.openqa.selenium.support.ui.Select.selectByVisibleText(Select.java:151)
	at com.mercury.uipackage.FlightFinder.findFlights(FlightFinder.java:81)
	at com.mercury.testApp.flightFinderTest.findFlightsTest(flightFinderTest.java:46)
... Removed 25 stack frames]]>
    </failure>
  </testcase> <!-- findFlightsTest -->
  <testcase name="findFlightsTest" time="35.266" classname="com.mercury.testApp.flightFinderTest">
    <failure type="org.openqa.selenium.NoSuchElementException" message="Cannot locate element with text: 
For documentation on this error, please visit: http://seleniumhq.org/exceptions/no_such_element.html
Build info: version: &amp;apos;3.14.0&amp;apos;, revision: &amp;apos;aacccce0&amp;apos;, time: &amp;apos;2018-08-02T20:19:58.91Z&amp;apos;
System info: host: &amp;apos;DESKTOP-6DIBS4R&amp;apos;, ip: &amp;apos;192.168.0.16&amp;apos;, os.name: &amp;apos;Windows 10&amp;apos;, os.arch: &amp;apos;amd64&amp;apos;, os.version: &amp;apos;10.0&amp;apos;, java.version: &amp;apos;1.8.0_71&amp;apos;
Driver info: driver.version: unknown">
      <![CDATA[org.openqa.selenium.NoSuchElementException: Cannot locate element with text: 
For documentation on this error, please visit: http://seleniumhq.org/exceptions/no_such_element.html
Build info: version: '3.14.0', revision: 'aacccce0', time: '2018-08-02T20:19:58.91Z'
System info: host: 'DESKTOP-6DIBS4R', ip: '192.168.0.16', os.name: 'Windows 10', os.arch: 'amd64', os.version: '10.0', java.version: '1.8.0_71'
Driver info: driver.version: unknown
	at org.openqa.selenium.support.ui.Select.selectByVisibleText(Select.java:151)
	at com.mercury.uipackage.FlightFinder.findFlights(FlightFinder.java:81)
	at com.mercury.testApp.flightFinderTest.findFlightsTest(flightFinderTest.java:46)
... Removed 25 stack frames]]>
    </failure>
  </testcase> <!-- findFlightsTest -->
  <testcase name="findFlightsTest" time="35.239" classname="com.mercury.testApp.flightFinderTest">
    <failure type="org.openqa.selenium.NoSuchElementException" message="Cannot locate element with text: 
For documentation on this error, please visit: http://seleniumhq.org/exceptions/no_such_element.html
Build info: version: &amp;apos;3.14.0&amp;apos;, revision: &amp;apos;aacccce0&amp;apos;, time: &amp;apos;2018-08-02T20:19:58.91Z&amp;apos;
System info: host: &amp;apos;DESKTOP-6DIBS4R&amp;apos;, ip: &amp;apos;192.168.0.16&amp;apos;, os.name: &amp;apos;Windows 10&amp;apos;, os.arch: &amp;apos;amd64&amp;apos;, os.version: &amp;apos;10.0&amp;apos;, java.version: &amp;apos;1.8.0_71&amp;apos;
Driver info: driver.version: unknown">
      <![CDATA[org.openqa.selenium.NoSuchElementException: Cannot locate element with text: 
For documentation on this error, please visit: http://seleniumhq.org/exceptions/no_such_element.html
Build info: version: '3.14.0', revision: 'aacccce0', time: '2018-08-02T20:19:58.91Z'
System info: host: 'DESKTOP-6DIBS4R', ip: '192.168.0.16', os.name: 'Windows 10', os.arch: 'amd64', os.version: '10.0', java.version: '1.8.0_71'
Driver info: driver.version: unknown
	at org.openqa.selenium.support.ui.Select.selectByVisibleText(Select.java:151)
	at com.mercury.uipackage.FlightFinder.findFlights(FlightFinder.java:81)
	at com.mercury.testApp.flightFinderTest.findFlightsTest(flightFinderTest.java:46)
... Removed 25 stack frames]]>
    </failure>
  </testcase> <!-- findFlightsTest -->
  <testcase name="findFlightsTest" time="35.245" classname="com.mercury.testApp.flightFinderTest">
    <failure type="org.openqa.selenium.NoSuchElementException" message="Cannot locate element with text: 
For documentation on this error, please visit: http://seleniumhq.org/exceptions/no_such_element.html
Build info: version: &amp;apos;3.14.0&amp;apos;, revision: &amp;apos;aacccce0&amp;apos;, time: &amp;apos;2018-08-02T20:19:58.91Z&amp;apos;
System info: host: &amp;apos;DESKTOP-6DIBS4R&amp;apos;, ip: &amp;apos;192.168.0.16&amp;apos;, os.name: &amp;apos;Windows 10&amp;apos;, os.arch: &amp;apos;amd64&amp;apos;, os.version: &amp;apos;10.0&amp;apos;, java.version: &amp;apos;1.8.0_71&amp;apos;
Driver info: driver.version: unknown">
      <![CDATA[org.openqa.selenium.NoSuchElementException: Cannot locate element with text: 
For documentation on this error, please visit: http://seleniumhq.org/exceptions/no_such_element.html
Build info: version: '3.14.0', revision: 'aacccce0', time: '2018-08-02T20:19:58.91Z'
System info: host: 'DESKTOP-6DIBS4R', ip: '192.168.0.16', os.name: 'Windows 10', os.arch: 'amd64', os.version: '10.0', java.version: '1.8.0_71'
Driver info: driver.version: unknown
	at org.openqa.selenium.support.ui.Select.selectByVisibleText(Select.java:151)
	at com.mercury.uipackage.FlightFinder.findFlights(FlightFinder.java:81)
	at com.mercury.testApp.flightFinderTest.findFlightsTest(flightFinderTest.java:46)
... Removed 25 stack frames]]>
    </failure>
  </testcase> <!-- findFlightsTest -->
  <testcase name="findFlightsTest" time="35.234" classname="com.mercury.testApp.flightFinderTest">
    <failure type="org.openqa.selenium.NoSuchElementException" message="Cannot locate element with text: 
For documentation on this error, please visit: http://seleniumhq.org/exceptions/no_such_element.html
Build info: version: &amp;apos;3.14.0&amp;apos;, revision: &amp;apos;aacccce0&amp;apos;, time: &amp;apos;2018-08-02T20:19:58.91Z&amp;apos;
System info: host: &amp;apos;DESKTOP-6DIBS4R&amp;apos;, ip: &amp;apos;192.168.0.16&amp;apos;, os.name: &amp;apos;Windows 10&amp;apos;, os.arch: &amp;apos;amd64&amp;apos;, os.version: &amp;apos;10.0&amp;apos;, java.version: &amp;apos;1.8.0_71&amp;apos;
Driver info: driver.version: unknown">
      <![CDATA[org.openqa.selenium.NoSuchElementException: Cannot locate element with text: 
For documentation on this error, please visit: http://seleniumhq.org/exceptions/no_such_element.html
Build info: version: '3.14.0', revision: 'aacccce0', time: '2018-08-02T20:19:58.91Z'
System info: host: 'DESKTOP-6DIBS4R', ip: '192.168.0.16', os.name: 'Windows 10', os.arch: 'amd64', os.version: '10.0', java.version: '1.8.0_71'
Driver info: driver.version: unknown
	at org.openqa.selenium.support.ui.Select.selectByVisibleText(Select.java:151)
	at com.mercury.uipackage.FlightFinder.findFlights(FlightFinder.java:81)
	at com.mercury.testApp.flightFinderTest.findFlightsTest(flightFinderTest.java:46)
... Removed 25 stack frames]]>
    </failure>
  </testcase> <!-- findFlightsTest -->
  <testcase name="selectFlightsTest" time="7.688" classname="com.mercury.testApp.SelectFlightTest"/>
</testsuite> <!-- MercuryApp -->
